{
  "RSpec": {
    "coverage": {
      "/Users/spaghettios/Post-Launch/fig_v02/config/environment.rb": {
        "lines": [
          null,
          1,
          null,
          null,
          1
        ]
      },
      "/Users/spaghettios/Post-Launch/fig_v02/config/application.rb": {
        "lines": [
          1,
          null,
          1,
          null,
          1,
          1,
          1,
          null,
          1,
          1,
          1,
          1,
          1,
          null,
          null,
          null,
          null,
          1,
          null,
          1,
          1,
          null,
          1,
          null,
          null,
          null,
          null,
          null,
          null,
          null,
          1,
          null,
          null
        ]
      },
      "/Users/spaghettios/Post-Launch/fig_v02/config/boot.rb": {
        "lines": [
          1,
          null,
          1
        ]
      },
      "/Users/spaghettios/Post-Launch/fig_v02/config/environments/test.rb": {
        "lines": [
          1,
          null,
          null,
          null,
          null,
          null,
          null,
          1,
          null,
          null,
          null,
          null,
          1,
          null,
          null,
          1,
          1,
          null,
          null,
          null,
          null,
          1,
          1,
          null,
          null,
          1,
          null,
          null,
          1,
          null,
          1,
          null,
          null,
          null,
          null,
          1,
          null,
          null,
          1,
          null,
          null,
          null,
          null
        ]
      },
      "/Users/spaghettios/Post-Launch/fig_v02/config/initializers/application_controller_renderer.rb": {
        "lines": [
          null,
          null,
          null,
          null,
          null,
          null,
          null,
          null
        ]
      },
      "/Users/spaghettios/Post-Launch/fig_v02/config/initializers/assets.rb": {
        "lines": [
          null,
          null,
          null,
          1,
          null,
          null,
          null,
          null,
          1,
          null,
          null,
          null,
          null,
          null
        ]
      },
      "/Users/spaghettios/Post-Launch/fig_v02/config/initializers/backtrace_silencers.rb": {
        "lines": [
          null,
          null,
          null,
          null,
          null,
          null,
          null
        ]
      },
      "/Users/spaghettios/Post-Launch/fig_v02/config/initializers/carrierwave.rb": {
        "lines": [
          1,
          1,
          null,
          null,
          null,
          null,
          null,
          1,
          1,
          null,
          1,
          1,
          1,
          1,
          null,
          null,
          null,
          null,
          1,
          null,
          1,
          1,
          1,
          1,
          98,
          null,
          null,
          1,
          51,
          null,
          null,
          null,
          null,
          null
        ]
      },
      "/Users/spaghettios/Post-Launch/fig_v02/app/uploaders/image_uploader.rb": {
        "lines": [
          1,
          null,
          1,
          null,
          null,
          1,
          1,
          null,
          0,
          null,
          null,
          null,
          null,
          null,
          null,
          1,
          0,
          null,
          null,
          null,
          null,
          null,
          null,
          null,
          null,
          null,
          null,
          null,
          null,
          1,
          null,
          null,
          null,
          null,
          null,
          null,
          null,
          null,
          null,
          null,
          null,
          null,
          null,
          null,
          null,
          null,
          null,
          null
        ]
      },
      "/Users/spaghettios/Post-Launch/fig_v02/config/initializers/content_security_policy.rb": {
        "lines": [
          null,
          null,
          null,
          null,
          null,
          null,
          null,
          null,
          null,
          null,
          null,
          null,
          null,
          null,
          null,
          null,
          null,
          null,
          null,
          null,
          null,
          null,
          null,
          null,
          null
        ]
      },
      "/Users/spaghettios/Post-Launch/fig_v02/config/initializers/cookies_serializer.rb": {
        "lines": [
          null,
          null,
          null,
          null,
          1
        ]
      },
      "/Users/spaghettios/Post-Launch/fig_v02/config/initializers/cors.rb": {
        "lines": [
          1,
          1,
          1,
          1,
          null,
          1,
          1,
          1,
          null,
          1,
          1,
          1,
          null,
          null,
          null
        ]
      },
      "/Users/spaghettios/Post-Launch/fig_v02/config/initializers/filter_parameter_logging.rb": {
        "lines": [
          null,
          null,
          null,
          1
        ]
      },
      "/Users/spaghettios/Post-Launch/fig_v02/config/initializers/inflections.rb": {
        "lines": [
          null,
          null,
          null,
          null,
          null,
          null,
          null,
          null,
          null,
          null,
          null,
          null,
          null,
          null,
          null,
          null
        ]
      },
      "/Users/spaghettios/Post-Launch/fig_v02/config/initializers/mime_types.rb": {
        "lines": [
          null,
          null,
          null,
          null
        ]
      },
      "/Users/spaghettios/Post-Launch/fig_v02/config/initializers/session_store.rb": {
        "lines": [
          1,
          0,
          null,
          1,
          null
        ]
      },
      "/Users/spaghettios/Post-Launch/fig_v02/config/initializers/wrap_parameters.rb": {
        "lines": [
          null,
          null,
          null,
          null,
          null,
          null,
          1,
          2,
          null,
          null,
          null,
          null,
          null,
          null
        ]
      },
      "/Users/spaghettios/Post-Launch/fig_v02/config/routes.rb": {
        "lines": [
          1,
          1,
          1,
          1,
          1,
          null,
          1,
          1,
          1,
          1,
          1,
          null,
          1,
          1,
          1,
          1,
          1,
          1,
          1,
          null,
          null,
          null,
          null
        ]
      },
      "/Users/spaghettios/Post-Launch/fig_v02/app/helpers/artists_helper.rb": {
        "lines": [
          1,
          null
        ]
      },
      "/Users/spaghettios/Post-Launch/fig_v02/app/helpers/releases_helper.rb": {
        "lines": [
          1,
          null
        ]
      },
      "/Users/spaghettios/Post-Launch/fig_v02/spec/support/shoulda.rb": {
        "lines": [
          1,
          null,
          1,
          1,
          1,
          null
        ]
      },
      "/Users/spaghettios/Post-Launch/fig_v02/spec/support/valid_attribute.rb": {
        "lines": [
          1
        ]
      },
      "/Users/spaghettios/Post-Launch/fig_v02/spec/support/factory_bot.rb": {
        "lines": [
          1,
          null,
          1,
          1,
          1,
          null,
          null
        ]
      },
      "/Users/spaghettios/Post-Launch/fig_v02/spec/support/database_cleaner.rb": {
        "lines": [
          1,
          null,
          null,
          1,
          1,
          null,
          null,
          null,
          null,
          1,
          32,
          null,
          null,
          1,
          0,
          null,
          null,
          1,
          32,
          null,
          null,
          1,
          32,
          null,
          null
        ]
      },
      "/Users/spaghettios/Post-Launch/fig_v02/spec/factories/artists.rb": {
        "lines": [
          1,
          null,
          1,
          1,
          38,
          38,
          1,
          21,
          null,
          null,
          null
        ]
      },
      "/Users/spaghettios/Post-Launch/fig_v02/spec/factories/images.rb": {
        "lines": [
          1,
          null,
          1,
          1,
          50,
          null,
          null
        ]
      },
      "/Users/spaghettios/Post-Launch/fig_v02/spec/factories/releases.rb": {
        "lines": [
          1,
          null,
          1,
          1,
          17,
          23,
          23,
          23,
          23,
          23,
          1,
          22,
          null,
          null,
          null,
          null
        ]
      },
      "/Users/spaghettios/Post-Launch/fig_v02/spec/factories/users.rb": {
        "lines": [
          1,
          null,
          1,
          1,
          2,
          2,
          2,
          null,
          null
        ]
      },
      "/Users/spaghettios/Post-Launch/fig_v02/app/controllers/api/v1/artists_controller.rb": {
        "lines": [
          1,
          1,
          null,
          1,
          2,
          null,
          null,
          1,
          3,
          3,
          3,
          3,
          2,
          2,
          2,
          100,
          2,
          2,
          2,
          2,
          2,
          2,
          28,
          64,
          32,
          4,
          null,
          28,
          null,
          32,
          null,
          null,
          null,
          null,
          100,
          null,
          2,
          null,
          null,
          1,
          null,
          null,
          1,
          null,
          null,
          null,
          1,
          null,
          3,
          2,
          1,
          null,
          1,
          null,
          null,
          1,
          1,
          null,
          null,
          null,
          1,
          3,
          3,
          3,
          null,
          3,
          null,
          3,
          2,
          null,
          1,
          null,
          null,
          null,
          1,
          1,
          3,
          null,
          1,
          100,
          null,
          null,
          null
        ]
      },
      "/Users/spaghettios/Post-Launch/fig_v02/app/controllers/application_controller.rb": {
        "lines": [
          1,
          1,
          1,
          null,
          null
        ]
      },
      "/Users/spaghettios/Post-Launch/fig_v02/spec/controllers/api/v1/releases_controller_spec.rb": {
        "lines": [
          1,
          null,
          1,
          8,
          1,
          1,
          1,
          1,
          1,
          null,
          1,
          1,
          null,
          null,
          1,
          1,
          1,
          1,
          null,
          1,
          1,
          1,
          1,
          null,
          null,
          null,
          1,
          1,
          1,
          1,
          null,
          1,
          1,
          1,
          1,
          null,
          null,
          null,
          null,
          null,
          1,
          5,
          null,
          1,
          1,
          1,
          1,
          1,
          null,
          1,
          1,
          1,
          null,
          null,
          1,
          1,
          1,
          null,
          1,
          1,
          1,
          null,
          null,
          null,
          1,
          1,
          1,
          1,
          1,
          null,
          1,
          1,
          1,
          null,
          null,
          1,
          1,
          1,
          null,
          1,
          1,
          1,
          1,
          null,
          null,
          null,
          null
        ]
      },
      "/Users/spaghettios/Post-Launch/fig_v02/app/controllers/api/v1/releases_controller.rb": {
        "lines": [
          1,
          1,
          null,
          1,
          null,
          3,
          2,
          2,
          1,
          null,
          1,
          null,
          null,
          1,
          1,
          null,
          null,
          null,
          null,
          1,
          4,
          4,
          4,
          4,
          4,
          2,
          2,
          null,
          2,
          null,
          2,
          2,
          null,
          null,
          null,
          1,
          null,
          1,
          4,
          null,
          null,
          null
        ]
      },
      "/Users/spaghettios/Post-Launch/fig_v02/spec/controllers/registrations_controller_spec.rb": {
        "lines": [
          1,
          null,
          1,
          1,
          1,
          1,
          1,
          1,
          1,
          null,
          1,
          1,
          1,
          null,
          null,
          1,
          1,
          1,
          null,
          1,
          1,
          1,
          null,
          null,
          1,
          1,
          1,
          1,
          1,
          null,
          1,
          null,
          1,
          1,
          1,
          null,
          null,
          null,
          null
        ]
      },
      "/Users/spaghettios/Post-Launch/fig_v02/app/controllers/registrations_controller.rb": {
        "lines": [
          1,
          1,
          null,
          1,
          3,
          null,
          null,
          null,
          null,
          null,
          3,
          2,
          2,
          null,
          null,
          null,
          null,
          null,
          1,
          null,
          null,
          1,
          null,
          null,
          null
        ]
      },
      "/Users/spaghettios/Post-Launch/fig_v02/spec/controllers/sessions_controller_spec.rb": {
        "lines": [
          1,
          null,
          1,
          2,
          null,
          1,
          1,
          1,
          1,
          1,
          null,
          1,
          null,
          null,
          null,
          null,
          null,
          null,
          null,
          null,
          null,
          null,
          null,
          null,
          null,
          null
        ]
      },
      "/Users/spaghettios/Post-Launch/fig_v02/app/controllers/sessions_controller.rb": {
        "lines": [
          1,
          1,
          null,
          1,
          0,
          null,
          0,
          0,
          0,
          null,
          null,
          null,
          null,
          null,
          0,
          null,
          null,
          null,
          null,
          null,
          1,
          1,
          0,
          null,
          null,
          null,
          null,
          1,
          null,
          null,
          null,
          null,
          null,
          1,
          0,
          0,
          null,
          null
        ]
      },
      "/Users/spaghettios/Post-Launch/fig_v02/app/controllers/concerns/current_user_concern.rb": {
        "lines": [
          1,
          1,
          1,
          1,
          null,
          null,
          1,
          1,
          0,
          null,
          null,
          null
        ]
      },
      "/Users/spaghettios/Post-Launch/fig_v02/spec/features/user_signs_in_spec.rb": {
        "lines": [
          null,
          null,
          null,
          null,
          null,
          null,
          null,
          null,
          null,
          null,
          null,
          null,
          null,
          null,
          null,
          null,
          null,
          null,
          null,
          null,
          null,
          null,
          null,
          null,
          null,
          null,
          null,
          null,
          null
        ]
      },
      "/Users/spaghettios/Post-Launch/fig_v02/spec/features/user_signs_out_spec.rb": {
        "lines": [
          null,
          null,
          null,
          null,
          null,
          null,
          null,
          null,
          null,
          null,
          null,
          null,
          null,
          null,
          null,
          null,
          null,
          null,
          null,
          null,
          null,
          null,
          null,
          null,
          null,
          null,
          null,
          null,
          null,
          null,
          null,
          null,
          null
        ]
      },
      "/Users/spaghettios/Post-Launch/fig_v02/spec/features/user_signs_up_spec.rb": {
        "lines": [
          null,
          null,
          null,
          null,
          null,
          null,
          null,
          null,
          null,
          null,
          null,
          null,
          null,
          null,
          null,
          null,
          null,
          null,
          null,
          null,
          null,
          null,
          null,
          null,
          null,
          null,
          null,
          null,
          null,
          null,
          null,
          null,
          null,
          null,
          null
        ]
      },
      "/Users/spaghettios/Post-Launch/fig_v02/spec/helpers/artists_helper_spec.rb": {
        "lines": [
          1,
          null,
          null,
          null,
          null,
          null,
          null,
          null,
          null,
          null,
          null,
          null,
          1,
          1,
          null
        ]
      },
      "/Users/spaghettios/Post-Launch/fig_v02/spec/helpers/releases_helper_spec.rb": {
        "lines": [
          1,
          null,
          null,
          null,
          null,
          null,
          null,
          null,
          null,
          null,
          null,
          null,
          1,
          1,
          null
        ]
      },
      "/Users/spaghettios/Post-Launch/fig_v02/spec/helpers/users_helper_spec.rb": {
        "lines": [
          1,
          1,
          0,
          0,
          null,
          null
        ]
      },
      "/Users/spaghettios/Post-Launch/fig_v02/spec/models/alt_name_spec.rb": {
        "lines": [
          1,
          null,
          1,
          1,
          null
        ]
      },
      "/Users/spaghettios/Post-Launch/fig_v02/app/models/alt_name.rb": {
        "lines": [
          1,
          1,
          null,
          null
        ]
      },
      "/Users/spaghettios/Post-Launch/fig_v02/app/models/application_record.rb": {
        "lines": [
          1,
          1,
          null
        ]
      },
      "/Users/spaghettios/Post-Launch/fig_v02/spec/models/artist_spec.rb": {
        "lines": [
          1,
          null,
          1,
          1,
          3,
          3,
          3,
          3,
          null,
          1,
          1,
          1,
          1,
          null,
          1,
          1,
          1,
          null,
          null,
          null,
          1,
          1,
          1,
          1,
          null,
          1,
          1,
          1,
          null,
          null,
          null,
          null,
          1,
          3,
          1,
          1,
          1,
          1,
          null,
          1,
          null,
          null,
          null,
          1,
          1,
          1,
          1,
          null,
          1,
          1,
          null,
          null,
          null,
          null,
          1,
          3,
          3,
          3,
          null,
          1,
          1,
          1,
          null,
          1,
          1,
          null,
          null,
          null,
          1,
          1,
          1,
          null,
          1,
          1,
          null,
          null,
          null,
          null,
          1,
          1,
          1,
          3,
          3,
          null,
          1,
          1,
          1,
          1,
          1,
          1,
          null,
          null,
          null,
          1,
          1,
          1,
          null,
          null,
          null,
          null
        ]
      },
      "/Users/spaghettios/Post-Launch/fig_v02/app/models/artist.rb": {
        "lines": [
          1,
          1,
          1,
          1,
          1,
          1,
          1,
          null,
          1,
          12,
          6,
          null,
          6,
          null,
          null,
          1,
          3,
          0,
          0,
          0,
          0,
          null,
          null,
          null,
          null,
          1,
          4,
          4,
          6,
          2,
          null,
          4,
          null,
          6,
          null,
          4,
          null,
          null,
          1,
          4,
          4,
          4,
          4,
          null,
          4,
          4,
          3,
          3,
          null,
          1,
          null,
          null,
          3,
          null,
          null
        ]
      },
      "/Users/spaghettios/Post-Launch/fig_v02/spec/models/label_spec.rb": {
        "lines": [
          1,
          null,
          1,
          1,
          null
        ]
      },
      "/Users/spaghettios/Post-Launch/fig_v02/app/models/label.rb": {
        "lines": [
          1,
          1,
          1,
          null,
          null,
          null
        ]
      },
      "/Users/spaghettios/Post-Launch/fig_v02/spec/models/release_spec.rb": {
        "lines": [
          1,
          null,
          1,
          1,
          1,
          1,
          null,
          3,
          3,
          null,
          1,
          1,
          null,
          1,
          1,
          1,
          1,
          1,
          1,
          1,
          null,
          null,
          null,
          1,
          1,
          null,
          1,
          1,
          1,
          null,
          1,
          null,
          null,
          null,
          null
        ]
      },
      "/Users/spaghettios/Post-Launch/fig_v02/app/models/release.rb": {
        "lines": [
          1,
          1,
          1,
          1,
          1,
          1,
          null,
          1,
          26,
          null,
          null,
          1,
          5,
          5,
          5,
          3,
          4,
          1,
          1,
          null,
          null,
          4,
          null,
          3,
          3,
          3,
          null,
          null,
          null,
          5,
          5,
          null,
          null,
          null,
          1,
          1,
          1,
          null,
          null
        ]
      },
      "/Users/spaghettios/Post-Launch/fig_v02/spec/models/tag_spec.rb": {
        "lines": [
          1,
          null,
          1,
          1,
          null
        ]
      },
      "/Users/spaghettios/Post-Launch/fig_v02/app/models/tag.rb": {
        "lines": [
          1,
          1,
          1,
          null,
          null
        ]
      },
      "/Users/spaghettios/Post-Launch/fig_v02/spec/models/user_spec.rb": {
        "lines": [
          1,
          null,
          1,
          null
        ]
      },
      "/Users/spaghettios/Post-Launch/fig_v02/app/models/user.rb": {
        "lines": [
          1,
          1,
          null,
          1,
          1,
          null
        ]
      },
      "/Users/spaghettios/Post-Launch/fig_v02/app/models/image.rb": {
        "lines": [
          1,
          1,
          1,
          null
        ]
      },
      "/Users/spaghettios/Post-Launch/fig_v02/app/serializers/artist_serializer.rb": {
        "lines": [
          1,
          1,
          null
        ]
      },
      "/Users/spaghettios/Post-Launch/fig_v02/app/serializers/artist_release_serializer.rb": {
        "lines": [
          1,
          1,
          null,
          null
        ]
      },
      "/Users/spaghettios/Post-Launch/fig_v02/app/serializers/release_artists_serializer.rb": {
        "lines": [
          1,
          1,
          1,
          1,
          1,
          1,
          null,
          null,
          1,
          2,
          2,
          2,
          2,
          null,
          2,
          2,
          18,
          6,
          null,
          12,
          null,
          18,
          null,
          null,
          2,
          2,
          6,
          6,
          null,
          2,
          2,
          null,
          null,
          1,
          2,
          2,
          2,
          2,
          2,
          2,
          4,
          2,
          2,
          2,
          2,
          2,
          2,
          2,
          2,
          2,
          null,
          null,
          1,
          2,
          2,
          null,
          null,
          1,
          2,
          0,
          null,
          null,
          null
        ]
      }
    },
    "timestamp": 1600968797
  }
}
